2017-04-21 11:22:43,013 - Log4JLogChute initialized using file 'velocity.log'
2017-04-21 11:22:43,015 - Velocity was not initialized! Calling init()...
2017-04-21 11:22:43,015 - Starting Apache Velocity v1.5 (compiled: 2007-02-22 08:52:29)
2017-04-21 11:22:43,015 - Default Properties File: org/apache/velocity/runtime/defaults/velocity.properties
2017-04-21 11:22:43,015 - Trying to use logger class org.apache.velocity.runtime.log.AvalonLogChute
2017-04-21 11:22:43,017 - Couldn't find class org.apache.velocity.runtime.log.AvalonLogChute or necessary supporting classes in classpath.
java.lang.NoClassDefFoundError: org/apache/log/format/Formatter
	at java.lang.Class.forName0(Native Method)
	at java.lang.Class.forName(Class.java:348)
	at org.apache.velocity.util.ClassUtils.getClass(ClassUtils.java:63)
	at org.apache.velocity.util.ClassUtils.getNewInstance(ClassUtils.java:95)
	at org.apache.velocity.runtime.log.LogManager.createLogChute(LogManager.java:147)
	at org.apache.velocity.runtime.log.LogManager.updateLog(LogManager.java:208)
	at org.apache.velocity.runtime.RuntimeInstance.initializeLog(RuntimeInstance.java:728)
	at org.apache.velocity.runtime.RuntimeInstance.init(RuntimeInstance.java:240)
	at org.apache.velocity.runtime.RuntimeInstance.parse(RuntimeInstance.java:993)
	at org.apache.velocity.runtime.RuntimeInstance.parse(RuntimeInstance.java:972)
	at org.apache.velocity.runtime.RuntimeSingleton.parse(RuntimeSingleton.java:265)
	at org.apache.velocity.app.Velocity.evaluate(Velocity.java:274)
	at org.sonatype.mavenbook.weather.WeatherFormatter.format(WeatherFormatter.java:21)
	at org.sonatype.mavenbook.weather.yahoo.WeatherFormatterTest.testFormat(WeatherFormatterTest.java:23)
	at sun.reflect.NativeMethodAccessorImpl.invoke0(Native Method)
	at sun.reflect.NativeMethodAccessorImpl.invoke(NativeMethodAccessorImpl.java:62)
	at sun.reflect.DelegatingMethodAccessorImpl.invoke(DelegatingMethodAccessorImpl.java:43)
	at java.lang.reflect.Method.invoke(Method.java:498)
	at junit.framework.TestCase.runTest(TestCase.java:176)
	at junit.framework.TestCase.runBare(TestCase.java:141)
	at junit.framework.TestResult$1.protect(TestResult.java:122)
	at junit.framework.TestResult.runProtected(TestResult.java:142)
	at junit.framework.TestResult.run(TestResult.java:125)
	at junit.framework.TestCase.run(TestCase.java:129)
	at junit.framework.TestSuite.runTest(TestSuite.java:252)
	at junit.framework.TestSuite.run(TestSuite.java:247)
	at org.junit.internal.runners.JUnit38ClassRunner.run(JUnit38ClassRunner.java:86)
	at org.apache.maven.surefire.junit4.JUnit4Provider.execute(JUnit4Provider.java:264)
	at org.apache.maven.surefire.junit4.JUnit4Provider.executeTestSet(JUnit4Provider.java:153)
	at org.apache.maven.surefire.junit4.JUnit4Provider.invoke(JUnit4Provider.java:124)
	at org.apache.maven.surefire.booter.ForkedBooter.invokeProviderInSameClassLoader(ForkedBooter.java:200)
	at org.apache.maven.surefire.booter.ForkedBooter.runSuitesInProcess(ForkedBooter.java:153)
	at org.apache.maven.surefire.booter.ForkedBooter.main(ForkedBooter.java:103)
Caused by: java.lang.ClassNotFoundException: org.apache.log.format.Formatter
	at java.net.URLClassLoader.findClass(URLClassLoader.java:381)
	at java.lang.ClassLoader.loadClass(ClassLoader.java:424)
	at sun.misc.Launcher$AppClassLoader.loadClass(Launcher.java:331)
	at java.lang.ClassLoader.loadClass(ClassLoader.java:357)
	... 33 more
2017-04-21 11:22:43,019 - Trying to use logger class org.apache.velocity.runtime.log.Log4JLogChute
2017-04-21 11:22:43,019 - Using logger class org.apache.velocity.runtime.log.Log4JLogChute
2017-04-21 11:22:43,021 - Default ResourceManager initializing. (class org.apache.velocity.runtime.resource.ResourceManagerImpl)
2017-04-21 11:22:43,023 - ResourceLoader instantiated: org.apache.velocity.runtime.resource.loader.FileResourceLoader
2017-04-21 11:22:43,025 - Do unicode file recognition:  false
2017-04-21 11:22:43,025 - FileResourceLoader : adding path '.'
2017-04-21 11:22:43,038 - ResourceCache: initialized (class org.apache.velocity.runtime.resource.ResourceCacheImpl)
2017-04-21 11:22:43,040 - Loaded System Directive: org.apache.velocity.runtime.directive.Literal
2017-04-21 11:22:43,041 - Loaded System Directive: org.apache.velocity.runtime.directive.Macro
2017-04-21 11:22:43,046 - Loaded System Directive: org.apache.velocity.runtime.directive.Parse
2017-04-21 11:22:43,049 - Loaded System Directive: org.apache.velocity.runtime.directive.Include
2017-04-21 11:22:43,050 - Loaded System Directive: org.apache.velocity.runtime.directive.Foreach
2017-04-21 11:22:43,072 - Created '20' parsers.
2017-04-21 11:22:43,080 - Velocimacro : "velocimacro.library" is not set.  Trying default library: VM_global_library.vm
2017-04-21 11:22:43,080 - Velocimacro : Default library not found.
2017-04-21 11:22:43,080 - Velocimacro : allowInline = true : VMs can be defined inline in templates
2017-04-21 11:22:43,080 - Velocimacro : allowInlineToOverride = false : VMs defined inline may NOT replace previous VM definitions
2017-04-21 11:22:43,080 - Velocimacro : allowInlineLocal = false : VMs defined inline will be global in scope if allowed.
2017-04-21 11:22:43,080 - Velocimacro : autoload off : VM system will not automatically reload global library macros
2017-04-21 14:08:14,867 - Log4JLogChute initialized using file 'velocity.log'
2017-04-21 14:08:14,868 - Velocity was not initialized! Calling init()...
2017-04-21 14:08:14,868 - Starting Apache Velocity v1.5 (compiled: 2007-02-22 08:52:29)
2017-04-21 14:08:14,868 - Default Properties File: org/apache/velocity/runtime/defaults/velocity.properties
2017-04-21 14:08:14,868 - Trying to use logger class org.apache.velocity.runtime.log.AvalonLogChute
2017-04-21 14:08:14,869 - Couldn't find class org.apache.velocity.runtime.log.AvalonLogChute or necessary supporting classes in classpath.
java.lang.NoClassDefFoundError: org/apache/log/format/Formatter
	at java.lang.Class.forName0(Native Method)
	at java.lang.Class.forName(Class.java:348)
	at org.apache.velocity.util.ClassUtils.getClass(ClassUtils.java:63)
	at org.apache.velocity.util.ClassUtils.getNewInstance(ClassUtils.java:95)
	at org.apache.velocity.runtime.log.LogManager.createLogChute(LogManager.java:147)
	at org.apache.velocity.runtime.log.LogManager.updateLog(LogManager.java:208)
	at org.apache.velocity.runtime.RuntimeInstance.initializeLog(RuntimeInstance.java:728)
	at org.apache.velocity.runtime.RuntimeInstance.init(RuntimeInstance.java:240)
	at org.apache.velocity.runtime.RuntimeInstance.parse(RuntimeInstance.java:993)
	at org.apache.velocity.runtime.RuntimeInstance.parse(RuntimeInstance.java:972)
	at org.apache.velocity.runtime.RuntimeSingleton.parse(RuntimeSingleton.java:265)
	at org.apache.velocity.app.Velocity.evaluate(Velocity.java:274)
	at org.sonatype.mavenbook.weather.WeatherFormatter.format(WeatherFormatter.java:21)
	at org.sonatype.mavenbook.weather.yahoo.WeatherFormatterTest.testFormat(WeatherFormatterTest.java:23)
	at sun.reflect.NativeMethodAccessorImpl.invoke0(Native Method)
	at sun.reflect.NativeMethodAccessorImpl.invoke(NativeMethodAccessorImpl.java:62)
	at sun.reflect.DelegatingMethodAccessorImpl.invoke(DelegatingMethodAccessorImpl.java:43)
	at java.lang.reflect.Method.invoke(Method.java:498)
	at junit.framework.TestCase.runTest(TestCase.java:176)
	at junit.framework.TestCase.runBare(TestCase.java:141)
	at junit.framework.TestResult$1.protect(TestResult.java:122)
	at junit.framework.TestResult.runProtected(TestResult.java:142)
	at junit.framework.TestResult.run(TestResult.java:125)
	at junit.framework.TestCase.run(TestCase.java:129)
	at junit.framework.TestSuite.runTest(TestSuite.java:252)
	at junit.framework.TestSuite.run(TestSuite.java:247)
	at org.junit.internal.runners.JUnit38ClassRunner.run(JUnit38ClassRunner.java:86)
	at org.apache.maven.surefire.junit4.JUnit4Provider.execute(JUnit4Provider.java:264)
	at org.apache.maven.surefire.junit4.JUnit4Provider.executeTestSet(JUnit4Provider.java:153)
	at org.apache.maven.surefire.junit4.JUnit4Provider.invoke(JUnit4Provider.java:124)
	at org.apache.maven.surefire.booter.ForkedBooter.invokeProviderInSameClassLoader(ForkedBooter.java:200)
	at org.apache.maven.surefire.booter.ForkedBooter.runSuitesInProcess(ForkedBooter.java:153)
	at org.apache.maven.surefire.booter.ForkedBooter.main(ForkedBooter.java:103)
Caused by: java.lang.ClassNotFoundException: org.apache.log.format.Formatter
	at java.net.URLClassLoader.findClass(URLClassLoader.java:381)
	at java.lang.ClassLoader.loadClass(ClassLoader.java:424)
	at sun.misc.Launcher$AppClassLoader.loadClass(Launcher.java:331)
	at java.lang.ClassLoader.loadClass(ClassLoader.java:357)
	... 33 more
2017-04-21 14:08:14,870 - Trying to use logger class org.apache.velocity.runtime.log.Log4JLogChute
2017-04-21 14:08:14,870 - Using logger class org.apache.velocity.runtime.log.Log4JLogChute
2017-04-21 14:08:14,872 - Default ResourceManager initializing. (class org.apache.velocity.runtime.resource.ResourceManagerImpl)
2017-04-21 14:08:14,874 - ResourceLoader instantiated: org.apache.velocity.runtime.resource.loader.FileResourceLoader
2017-04-21 14:08:14,875 - Do unicode file recognition:  false
2017-04-21 14:08:14,875 - FileResourceLoader : adding path '.'
2017-04-21 14:08:14,884 - ResourceCache: initialized (class org.apache.velocity.runtime.resource.ResourceCacheImpl)
2017-04-21 14:08:14,884 - Loaded System Directive: org.apache.velocity.runtime.directive.Literal
2017-04-21 14:08:14,885 - Loaded System Directive: org.apache.velocity.runtime.directive.Macro
2017-04-21 14:08:14,886 - Loaded System Directive: org.apache.velocity.runtime.directive.Parse
2017-04-21 14:08:14,886 - Loaded System Directive: org.apache.velocity.runtime.directive.Include
2017-04-21 14:08:14,887 - Loaded System Directive: org.apache.velocity.runtime.directive.Foreach
2017-04-21 14:08:14,903 - Created '20' parsers.
2017-04-21 14:08:14,908 - Velocimacro : "velocimacro.library" is not set.  Trying default library: VM_global_library.vm
2017-04-21 14:08:14,908 - Velocimacro : Default library not found.
2017-04-21 14:08:14,908 - Velocimacro : allowInline = true : VMs can be defined inline in templates
2017-04-21 14:08:14,908 - Velocimacro : allowInlineToOverride = false : VMs defined inline may NOT replace previous VM definitions
2017-04-21 14:08:14,908 - Velocimacro : allowInlineLocal = false : VMs defined inline will be global in scope if allowed.
2017-04-21 14:08:14,908 - Velocimacro : autoload off : VM system will not automatically reload global library macros
2017-04-21 14:20:40,174 - Log4JLogChute initialized using file 'velocity.log'
2017-04-21 14:20:40,174 - Velocity was not initialized! Calling init()...
2017-04-21 14:20:40,174 - Starting Apache Velocity v1.5 (compiled: 2007-02-22 08:52:29)
2017-04-21 14:20:40,175 - Default Properties File: org/apache/velocity/runtime/defaults/velocity.properties
2017-04-21 14:20:40,175 - Trying to use logger class org.apache.velocity.runtime.log.AvalonLogChute
2017-04-21 14:20:40,176 - Couldn't find class org.apache.velocity.runtime.log.AvalonLogChute or necessary supporting classes in classpath.
java.lang.NoClassDefFoundError: org/apache/log/format/Formatter
	at java.lang.Class.forName0(Native Method)
	at java.lang.Class.forName(Class.java:348)
	at org.apache.velocity.util.ClassUtils.getClass(ClassUtils.java:63)
	at org.apache.velocity.util.ClassUtils.getNewInstance(ClassUtils.java:95)
	at org.apache.velocity.runtime.log.LogManager.createLogChute(LogManager.java:147)
	at org.apache.velocity.runtime.log.LogManager.updateLog(LogManager.java:208)
	at org.apache.velocity.runtime.RuntimeInstance.initializeLog(RuntimeInstance.java:728)
	at org.apache.velocity.runtime.RuntimeInstance.init(RuntimeInstance.java:240)
	at org.apache.velocity.runtime.RuntimeInstance.parse(RuntimeInstance.java:993)
	at org.apache.velocity.runtime.RuntimeInstance.parse(RuntimeInstance.java:972)
	at org.apache.velocity.runtime.RuntimeSingleton.parse(RuntimeSingleton.java:265)
	at org.apache.velocity.app.Velocity.evaluate(Velocity.java:274)
	at org.sonatype.mavenbook.weather.WeatherFormatter.format(WeatherFormatter.java:21)
	at org.sonatype.mavenbook.weather.yahoo.WeatherFormatterTest.testFormat(WeatherFormatterTest.java:23)
	at sun.reflect.NativeMethodAccessorImpl.invoke0(Native Method)
	at sun.reflect.NativeMethodAccessorImpl.invoke(NativeMethodAccessorImpl.java:62)
	at sun.reflect.DelegatingMethodAccessorImpl.invoke(DelegatingMethodAccessorImpl.java:43)
	at java.lang.reflect.Method.invoke(Method.java:498)
	at junit.framework.TestCase.runTest(TestCase.java:176)
	at junit.framework.TestCase.runBare(TestCase.java:141)
	at junit.framework.TestResult$1.protect(TestResult.java:122)
	at junit.framework.TestResult.runProtected(TestResult.java:142)
	at junit.framework.TestResult.run(TestResult.java:125)
	at junit.framework.TestCase.run(TestCase.java:129)
	at junit.framework.TestSuite.runTest(TestSuite.java:252)
	at junit.framework.TestSuite.run(TestSuite.java:247)
	at org.junit.internal.runners.JUnit38ClassRunner.run(JUnit38ClassRunner.java:86)
	at org.apache.maven.surefire.junit4.JUnit4Provider.execute(JUnit4Provider.java:264)
	at org.apache.maven.surefire.junit4.JUnit4Provider.executeTestSet(JUnit4Provider.java:153)
	at org.apache.maven.surefire.junit4.JUnit4Provider.invoke(JUnit4Provider.java:124)
	at org.apache.maven.surefire.booter.ForkedBooter.invokeProviderInSameClassLoader(ForkedBooter.java:200)
	at org.apache.maven.surefire.booter.ForkedBooter.runSuitesInProcess(ForkedBooter.java:153)
	at org.apache.maven.surefire.booter.ForkedBooter.main(ForkedBooter.java:103)
Caused by: java.lang.ClassNotFoundException: org.apache.log.format.Formatter
	at java.net.URLClassLoader.findClass(URLClassLoader.java:381)
	at java.lang.ClassLoader.loadClass(ClassLoader.java:424)
	at sun.misc.Launcher$AppClassLoader.loadClass(Launcher.java:331)
	at java.lang.ClassLoader.loadClass(ClassLoader.java:357)
	... 33 more
2017-04-21 14:20:40,177 - Trying to use logger class org.apache.velocity.runtime.log.Log4JLogChute
2017-04-21 14:20:40,177 - Using logger class org.apache.velocity.runtime.log.Log4JLogChute
2017-04-21 14:20:40,179 - Default ResourceManager initializing. (class org.apache.velocity.runtime.resource.ResourceManagerImpl)
2017-04-21 14:20:40,181 - ResourceLoader instantiated: org.apache.velocity.runtime.resource.loader.FileResourceLoader
2017-04-21 14:20:40,182 - Do unicode file recognition:  false
2017-04-21 14:20:40,182 - FileResourceLoader : adding path '.'
2017-04-21 14:20:40,192 - ResourceCache: initialized (class org.apache.velocity.runtime.resource.ResourceCacheImpl)
2017-04-21 14:20:40,193 - Loaded System Directive: org.apache.velocity.runtime.directive.Literal
2017-04-21 14:20:40,194 - Loaded System Directive: org.apache.velocity.runtime.directive.Macro
2017-04-21 14:20:40,194 - Loaded System Directive: org.apache.velocity.runtime.directive.Parse
2017-04-21 14:20:40,195 - Loaded System Directive: org.apache.velocity.runtime.directive.Include
2017-04-21 14:20:40,195 - Loaded System Directive: org.apache.velocity.runtime.directive.Foreach
2017-04-21 14:20:40,213 - Created '20' parsers.
2017-04-21 14:20:40,217 - Velocimacro : "velocimacro.library" is not set.  Trying default library: VM_global_library.vm
2017-04-21 14:20:40,217 - Velocimacro : Default library not found.
2017-04-21 14:20:40,217 - Velocimacro : allowInline = true : VMs can be defined inline in templates
2017-04-21 14:20:40,217 - Velocimacro : allowInlineToOverride = false : VMs defined inline may NOT replace previous VM definitions
2017-04-21 14:20:40,217 - Velocimacro : allowInlineLocal = false : VMs defined inline will be global in scope if allowed.
2017-04-21 14:20:40,217 - Velocimacro : autoload off : VM system will not automatically reload global library macros
2017-04-21 14:21:32,412 - Log4JLogChute initialized using file 'velocity.log'
2017-04-21 14:21:32,412 - Velocity was not initialized! Calling init()...
2017-04-21 14:21:32,412 - Starting Apache Velocity v1.5 (compiled: 2007-02-22 08:52:29)
2017-04-21 14:21:32,412 - Default Properties File: org/apache/velocity/runtime/defaults/velocity.properties
2017-04-21 14:21:32,412 - Trying to use logger class org.apache.velocity.runtime.log.AvalonLogChute
2017-04-21 14:21:32,413 - Couldn't find class org.apache.velocity.runtime.log.AvalonLogChute or necessary supporting classes in classpath.
java.lang.NoClassDefFoundError: org/apache/log/format/Formatter
	at java.lang.Class.forName0(Native Method)
	at java.lang.Class.forName(Class.java:348)
	at org.apache.velocity.util.ClassUtils.getClass(ClassUtils.java:63)
	at org.apache.velocity.util.ClassUtils.getNewInstance(ClassUtils.java:95)
	at org.apache.velocity.runtime.log.LogManager.createLogChute(LogManager.java:147)
	at org.apache.velocity.runtime.log.LogManager.updateLog(LogManager.java:208)
	at org.apache.velocity.runtime.RuntimeInstance.initializeLog(RuntimeInstance.java:728)
	at org.apache.velocity.runtime.RuntimeInstance.init(RuntimeInstance.java:240)
	at org.apache.velocity.runtime.RuntimeInstance.parse(RuntimeInstance.java:993)
	at org.apache.velocity.runtime.RuntimeInstance.parse(RuntimeInstance.java:972)
	at org.apache.velocity.runtime.RuntimeSingleton.parse(RuntimeSingleton.java:265)
	at org.apache.velocity.app.Velocity.evaluate(Velocity.java:274)
	at org.sonatype.mavenbook.weather.WeatherFormatter.format(WeatherFormatter.java:21)
	at org.sonatype.mavenbook.weather.yahoo.WeatherFormatterTest.testFormat(WeatherFormatterTest.java:23)
	at sun.reflect.NativeMethodAccessorImpl.invoke0(Native Method)
	at sun.reflect.NativeMethodAccessorImpl.invoke(NativeMethodAccessorImpl.java:62)
	at sun.reflect.DelegatingMethodAccessorImpl.invoke(DelegatingMethodAccessorImpl.java:43)
	at java.lang.reflect.Method.invoke(Method.java:498)
	at junit.framework.TestCase.runTest(TestCase.java:176)
	at junit.framework.TestCase.runBare(TestCase.java:141)
	at junit.framework.TestResult$1.protect(TestResult.java:122)
	at junit.framework.TestResult.runProtected(TestResult.java:142)
	at junit.framework.TestResult.run(TestResult.java:125)
	at junit.framework.TestCase.run(TestCase.java:129)
	at junit.framework.TestSuite.runTest(TestSuite.java:252)
	at junit.framework.TestSuite.run(TestSuite.java:247)
	at org.junit.internal.runners.JUnit38ClassRunner.run(JUnit38ClassRunner.java:86)
	at org.apache.maven.surefire.junit4.JUnit4Provider.execute(JUnit4Provider.java:264)
	at org.apache.maven.surefire.junit4.JUnit4Provider.executeTestSet(JUnit4Provider.java:153)
	at org.apache.maven.surefire.junit4.JUnit4Provider.invoke(JUnit4Provider.java:124)
	at org.apache.maven.surefire.booter.ForkedBooter.invokeProviderInSameClassLoader(ForkedBooter.java:200)
	at org.apache.maven.surefire.booter.ForkedBooter.runSuitesInProcess(ForkedBooter.java:153)
	at org.apache.maven.surefire.booter.ForkedBooter.main(ForkedBooter.java:103)
Caused by: java.lang.ClassNotFoundException: org.apache.log.format.Formatter
	at java.net.URLClassLoader.findClass(URLClassLoader.java:381)
	at java.lang.ClassLoader.loadClass(ClassLoader.java:424)
	at sun.misc.Launcher$AppClassLoader.loadClass(Launcher.java:331)
	at java.lang.ClassLoader.loadClass(ClassLoader.java:357)
	... 33 more
2017-04-21 14:21:32,414 - Trying to use logger class org.apache.velocity.runtime.log.Log4JLogChute
2017-04-21 14:21:32,414 - Using logger class org.apache.velocity.runtime.log.Log4JLogChute
2017-04-21 14:21:32,417 - Default ResourceManager initializing. (class org.apache.velocity.runtime.resource.ResourceManagerImpl)
2017-04-21 14:21:32,421 - ResourceLoader instantiated: org.apache.velocity.runtime.resource.loader.FileResourceLoader
2017-04-21 14:21:32,421 - Do unicode file recognition:  false
2017-04-21 14:21:32,421 - FileResourceLoader : adding path '.'
2017-04-21 14:21:32,429 - ResourceCache: initialized (class org.apache.velocity.runtime.resource.ResourceCacheImpl)
2017-04-21 14:21:32,430 - Loaded System Directive: org.apache.velocity.runtime.directive.Literal
2017-04-21 14:21:32,430 - Loaded System Directive: org.apache.velocity.runtime.directive.Macro
2017-04-21 14:21:32,431 - Loaded System Directive: org.apache.velocity.runtime.directive.Parse
2017-04-21 14:21:32,432 - Loaded System Directive: org.apache.velocity.runtime.directive.Include
2017-04-21 14:21:32,432 - Loaded System Directive: org.apache.velocity.runtime.directive.Foreach
2017-04-21 14:21:32,449 - Created '20' parsers.
2017-04-21 14:21:32,453 - Velocimacro : "velocimacro.library" is not set.  Trying default library: VM_global_library.vm
2017-04-21 14:21:32,453 - Velocimacro : Default library not found.
2017-04-21 14:21:32,453 - Velocimacro : allowInline = true : VMs can be defined inline in templates
2017-04-21 14:21:32,453 - Velocimacro : allowInlineToOverride = false : VMs defined inline may NOT replace previous VM definitions
2017-04-21 14:21:32,453 - Velocimacro : allowInlineLocal = false : VMs defined inline will be global in scope if allowed.
2017-04-21 14:21:32,453 - Velocimacro : autoload off : VM system will not automatically reload global library macros
2017-04-21 14:22:04,830 - Log4JLogChute initialized using file 'velocity.log'
2017-04-21 14:22:04,831 - Velocity was not initialized! Calling init()...
2017-04-21 14:22:04,831 - Starting Apache Velocity v1.5 (compiled: 2007-02-22 08:52:29)
2017-04-21 14:22:04,831 - Default Properties File: org/apache/velocity/runtime/defaults/velocity.properties
2017-04-21 14:22:04,831 - Trying to use logger class org.apache.velocity.runtime.log.AvalonLogChute
2017-04-21 14:22:04,832 - Couldn't find class org.apache.velocity.runtime.log.AvalonLogChute or necessary supporting classes in classpath.
java.lang.NoClassDefFoundError: org/apache/log/format/Formatter
	at java.lang.Class.forName0(Native Method)
	at java.lang.Class.forName(Class.java:348)
	at org.apache.velocity.util.ClassUtils.getClass(ClassUtils.java:63)
	at org.apache.velocity.util.ClassUtils.getNewInstance(ClassUtils.java:95)
	at org.apache.velocity.runtime.log.LogManager.createLogChute(LogManager.java:147)
	at org.apache.velocity.runtime.log.LogManager.updateLog(LogManager.java:208)
	at org.apache.velocity.runtime.RuntimeInstance.initializeLog(RuntimeInstance.java:728)
	at org.apache.velocity.runtime.RuntimeInstance.init(RuntimeInstance.java:240)
	at org.apache.velocity.runtime.RuntimeInstance.parse(RuntimeInstance.java:993)
	at org.apache.velocity.runtime.RuntimeInstance.parse(RuntimeInstance.java:972)
	at org.apache.velocity.runtime.RuntimeSingleton.parse(RuntimeSingleton.java:265)
	at org.apache.velocity.app.Velocity.evaluate(Velocity.java:274)
	at org.sonatype.mavenbook.weather.WeatherFormatter.format(WeatherFormatter.java:21)
	at org.sonatype.mavenbook.weather.yahoo.WeatherFormatterTest.testFormat(WeatherFormatterTest.java:23)
	at sun.reflect.NativeMethodAccessorImpl.invoke0(Native Method)
	at sun.reflect.NativeMethodAccessorImpl.invoke(NativeMethodAccessorImpl.java:62)
	at sun.reflect.DelegatingMethodAccessorImpl.invoke(DelegatingMethodAccessorImpl.java:43)
	at java.lang.reflect.Method.invoke(Method.java:498)
	at junit.framework.TestCase.runTest(TestCase.java:176)
	at junit.framework.TestCase.runBare(TestCase.java:141)
	at junit.framework.TestResult$1.protect(TestResult.java:122)
	at junit.framework.TestResult.runProtected(TestResult.java:142)
	at junit.framework.TestResult.run(TestResult.java:125)
	at junit.framework.TestCase.run(TestCase.java:129)
	at junit.framework.TestSuite.runTest(TestSuite.java:252)
	at junit.framework.TestSuite.run(TestSuite.java:247)
	at org.junit.internal.runners.JUnit38ClassRunner.run(JUnit38ClassRunner.java:86)
	at org.apache.maven.surefire.junit4.JUnit4Provider.execute(JUnit4Provider.java:264)
	at org.apache.maven.surefire.junit4.JUnit4Provider.executeTestSet(JUnit4Provider.java:153)
	at org.apache.maven.surefire.junit4.JUnit4Provider.invoke(JUnit4Provider.java:124)
	at org.apache.maven.surefire.booter.ForkedBooter.invokeProviderInSameClassLoader(ForkedBooter.java:200)
	at org.apache.maven.surefire.booter.ForkedBooter.runSuitesInProcess(ForkedBooter.java:153)
	at org.apache.maven.surefire.booter.ForkedBooter.main(ForkedBooter.java:103)
Caused by: java.lang.ClassNotFoundException: org.apache.log.format.Formatter
	at java.net.URLClassLoader.findClass(URLClassLoader.java:381)
	at java.lang.ClassLoader.loadClass(ClassLoader.java:424)
	at sun.misc.Launcher$AppClassLoader.loadClass(Launcher.java:331)
	at java.lang.ClassLoader.loadClass(ClassLoader.java:357)
	... 33 more
2017-04-21 14:22:04,833 - Trying to use logger class org.apache.velocity.runtime.log.Log4JLogChute
2017-04-21 14:22:04,833 - Using logger class org.apache.velocity.runtime.log.Log4JLogChute
2017-04-21 14:22:04,834 - Default ResourceManager initializing. (class org.apache.velocity.runtime.resource.ResourceManagerImpl)
2017-04-21 14:22:04,836 - ResourceLoader instantiated: org.apache.velocity.runtime.resource.loader.FileResourceLoader
2017-04-21 14:22:04,836 - Do unicode file recognition:  false
2017-04-21 14:22:04,837 - FileResourceLoader : adding path '.'
2017-04-21 14:22:04,843 - ResourceCache: initialized (class org.apache.velocity.runtime.resource.ResourceCacheImpl)
2017-04-21 14:22:04,844 - Loaded System Directive: org.apache.velocity.runtime.directive.Literal
2017-04-21 14:22:04,845 - Loaded System Directive: org.apache.velocity.runtime.directive.Macro
2017-04-21 14:22:04,846 - Loaded System Directive: org.apache.velocity.runtime.directive.Parse
2017-04-21 14:22:04,846 - Loaded System Directive: org.apache.velocity.runtime.directive.Include
2017-04-21 14:22:04,847 - Loaded System Directive: org.apache.velocity.runtime.directive.Foreach
2017-04-21 14:22:04,863 - Created '20' parsers.
2017-04-21 14:22:04,866 - Velocimacro : "velocimacro.library" is not set.  Trying default library: VM_global_library.vm
2017-04-21 14:22:04,867 - Velocimacro : Default library not found.
2017-04-21 14:22:04,867 - Velocimacro : allowInline = true : VMs can be defined inline in templates
2017-04-21 14:22:04,867 - Velocimacro : allowInlineToOverride = false : VMs defined inline may NOT replace previous VM definitions
2017-04-21 14:22:04,867 - Velocimacro : allowInlineLocal = false : VMs defined inline will be global in scope if allowed.
2017-04-21 14:22:04,867 - Velocimacro : autoload off : VM system will not automatically reload global library macros
2017-04-21 14:24:22,588 - Log4JLogChute initialized using file 'velocity.log'
2017-04-21 14:24:22,589 - Velocity was not initialized! Calling init()...
2017-04-21 14:24:22,589 - Starting Apache Velocity v1.5 (compiled: 2007-02-22 08:52:29)
2017-04-21 14:24:22,589 - Default Properties File: org/apache/velocity/runtime/defaults/velocity.properties
2017-04-21 14:24:22,589 - Trying to use logger class org.apache.velocity.runtime.log.AvalonLogChute
2017-04-21 14:24:22,590 - Couldn't find class org.apache.velocity.runtime.log.AvalonLogChute or necessary supporting classes in classpath.
java.lang.NoClassDefFoundError: org/apache/log/format/Formatter
	at java.lang.Class.forName0(Native Method)
	at java.lang.Class.forName(Class.java:348)
	at org.apache.velocity.util.ClassUtils.getClass(ClassUtils.java:63)
	at org.apache.velocity.util.ClassUtils.getNewInstance(ClassUtils.java:95)
	at org.apache.velocity.runtime.log.LogManager.createLogChute(LogManager.java:147)
	at org.apache.velocity.runtime.log.LogManager.updateLog(LogManager.java:208)
	at org.apache.velocity.runtime.RuntimeInstance.initializeLog(RuntimeInstance.java:728)
	at org.apache.velocity.runtime.RuntimeInstance.init(RuntimeInstance.java:240)
	at org.apache.velocity.runtime.RuntimeInstance.parse(RuntimeInstance.java:993)
	at org.apache.velocity.runtime.RuntimeInstance.parse(RuntimeInstance.java:972)
	at org.apache.velocity.runtime.RuntimeSingleton.parse(RuntimeSingleton.java:265)
	at org.apache.velocity.app.Velocity.evaluate(Velocity.java:274)
	at org.sonatype.mavenbook.weather.WeatherFormatter.format(WeatherFormatter.java:21)
	at org.sonatype.mavenbook.weather.yahoo.WeatherFormatterTest.testFormat(WeatherFormatterTest.java:23)
	at sun.reflect.NativeMethodAccessorImpl.invoke0(Native Method)
	at sun.reflect.NativeMethodAccessorImpl.invoke(NativeMethodAccessorImpl.java:62)
	at sun.reflect.DelegatingMethodAccessorImpl.invoke(DelegatingMethodAccessorImpl.java:43)
	at java.lang.reflect.Method.invoke(Method.java:498)
	at junit.framework.TestCase.runTest(TestCase.java:176)
	at junit.framework.TestCase.runBare(TestCase.java:141)
	at junit.framework.TestResult$1.protect(TestResult.java:122)
	at junit.framework.TestResult.runProtected(TestResult.java:142)
	at junit.framework.TestResult.run(TestResult.java:125)
	at junit.framework.TestCase.run(TestCase.java:129)
	at junit.framework.TestSuite.runTest(TestSuite.java:252)
	at junit.framework.TestSuite.run(TestSuite.java:247)
	at org.junit.internal.runners.JUnit38ClassRunner.run(JUnit38ClassRunner.java:86)
	at org.apache.maven.surefire.junit4.JUnit4Provider.execute(JUnit4Provider.java:264)
	at org.apache.maven.surefire.junit4.JUnit4Provider.executeTestSet(JUnit4Provider.java:153)
	at org.apache.maven.surefire.junit4.JUnit4Provider.invoke(JUnit4Provider.java:124)
	at org.apache.maven.surefire.booter.ForkedBooter.invokeProviderInSameClassLoader(ForkedBooter.java:200)
	at org.apache.maven.surefire.booter.ForkedBooter.runSuitesInProcess(ForkedBooter.java:153)
	at org.apache.maven.surefire.booter.ForkedBooter.main(ForkedBooter.java:103)
Caused by: java.lang.ClassNotFoundException: org.apache.log.format.Formatter
	at java.net.URLClassLoader.findClass(URLClassLoader.java:381)
	at java.lang.ClassLoader.loadClass(ClassLoader.java:424)
	at sun.misc.Launcher$AppClassLoader.loadClass(Launcher.java:331)
	at java.lang.ClassLoader.loadClass(ClassLoader.java:357)
	... 33 more
2017-04-21 14:24:22,591 - Trying to use logger class org.apache.velocity.runtime.log.Log4JLogChute
2017-04-21 14:24:22,591 - Using logger class org.apache.velocity.runtime.log.Log4JLogChute
2017-04-21 14:24:22,593 - Default ResourceManager initializing. (class org.apache.velocity.runtime.resource.ResourceManagerImpl)
2017-04-21 14:24:22,595 - ResourceLoader instantiated: org.apache.velocity.runtime.resource.loader.FileResourceLoader
2017-04-21 14:24:22,596 - Do unicode file recognition:  false
2017-04-21 14:24:22,596 - FileResourceLoader : adding path '.'
2017-04-21 14:24:22,604 - ResourceCache: initialized (class org.apache.velocity.runtime.resource.ResourceCacheImpl)
2017-04-21 14:24:22,605 - Loaded System Directive: org.apache.velocity.runtime.directive.Literal
2017-04-21 14:24:22,606 - Loaded System Directive: org.apache.velocity.runtime.directive.Macro
2017-04-21 14:24:22,608 - Loaded System Directive: org.apache.velocity.runtime.directive.Parse
2017-04-21 14:24:22,609 - Loaded System Directive: org.apache.velocity.runtime.directive.Include
2017-04-21 14:24:22,609 - Loaded System Directive: org.apache.velocity.runtime.directive.Foreach
2017-04-21 14:24:22,629 - Created '20' parsers.
2017-04-21 14:24:22,634 - Velocimacro : "velocimacro.library" is not set.  Trying default library: VM_global_library.vm
2017-04-21 14:24:22,634 - Velocimacro : Default library not found.
2017-04-21 14:24:22,634 - Velocimacro : allowInline = true : VMs can be defined inline in templates
2017-04-21 14:24:22,634 - Velocimacro : allowInlineToOverride = false : VMs defined inline may NOT replace previous VM definitions
2017-04-21 14:24:22,634 - Velocimacro : allowInlineLocal = false : VMs defined inline will be global in scope if allowed.
2017-04-21 14:24:22,634 - Velocimacro : autoload off : VM system will not automatically reload global library macros
2017-04-21 14:34:08,572 - Log4JLogChute initialized using file 'velocity.log'
2017-04-21 14:34:08,572 - Velocity was not initialized! Calling init()...
2017-04-21 14:34:08,572 - Starting Apache Velocity v1.5 (compiled: 2007-02-22 08:52:29)
2017-04-21 14:34:08,572 - Default Properties File: org/apache/velocity/runtime/defaults/velocity.properties
2017-04-21 14:34:08,572 - Trying to use logger class org.apache.velocity.runtime.log.AvalonLogChute
2017-04-21 14:34:08,573 - Couldn't find class org.apache.velocity.runtime.log.AvalonLogChute or necessary supporting classes in classpath.
java.lang.NoClassDefFoundError: org/apache/log/format/Formatter
	at java.lang.Class.forName0(Native Method)
	at java.lang.Class.forName(Class.java:348)
	at org.apache.velocity.util.ClassUtils.getClass(ClassUtils.java:63)
	at org.apache.velocity.util.ClassUtils.getNewInstance(ClassUtils.java:95)
	at org.apache.velocity.runtime.log.LogManager.createLogChute(LogManager.java:147)
	at org.apache.velocity.runtime.log.LogManager.updateLog(LogManager.java:208)
	at org.apache.velocity.runtime.RuntimeInstance.initializeLog(RuntimeInstance.java:728)
	at org.apache.velocity.runtime.RuntimeInstance.init(RuntimeInstance.java:240)
	at org.apache.velocity.runtime.RuntimeInstance.parse(RuntimeInstance.java:993)
	at org.apache.velocity.runtime.RuntimeInstance.parse(RuntimeInstance.java:972)
	at org.apache.velocity.runtime.RuntimeSingleton.parse(RuntimeSingleton.java:265)
	at org.apache.velocity.app.Velocity.evaluate(Velocity.java:274)
	at org.sonatype.mavenbook.weather.WeatherFormatter.format(WeatherFormatter.java:21)
	at org.sonatype.mavenbook.weather.yahoo.WeatherFormatterTest.testFormat(WeatherFormatterTest.java:23)
	at sun.reflect.NativeMethodAccessorImpl.invoke0(Native Method)
	at sun.reflect.NativeMethodAccessorImpl.invoke(NativeMethodAccessorImpl.java:62)
	at sun.reflect.DelegatingMethodAccessorImpl.invoke(DelegatingMethodAccessorImpl.java:43)
	at java.lang.reflect.Method.invoke(Method.java:498)
	at junit.framework.TestCase.runTest(TestCase.java:176)
	at junit.framework.TestCase.runBare(TestCase.java:141)
	at junit.framework.TestResult$1.protect(TestResult.java:122)
	at junit.framework.TestResult.runProtected(TestResult.java:142)
	at junit.framework.TestResult.run(TestResult.java:125)
	at junit.framework.TestCase.run(TestCase.java:129)
	at junit.framework.TestSuite.runTest(TestSuite.java:252)
	at junit.framework.TestSuite.run(TestSuite.java:247)
	at org.junit.internal.runners.JUnit38ClassRunner.run(JUnit38ClassRunner.java:86)
	at org.apache.maven.surefire.junit4.JUnit4Provider.execute(JUnit4Provider.java:264)
	at org.apache.maven.surefire.junit4.JUnit4Provider.executeTestSet(JUnit4Provider.java:153)
	at org.apache.maven.surefire.junit4.JUnit4Provider.invoke(JUnit4Provider.java:124)
	at org.apache.maven.surefire.booter.ForkedBooter.invokeProviderInSameClassLoader(ForkedBooter.java:200)
	at org.apache.maven.surefire.booter.ForkedBooter.runSuitesInProcess(ForkedBooter.java:153)
	at org.apache.maven.surefire.booter.ForkedBooter.main(ForkedBooter.java:103)
Caused by: java.lang.ClassNotFoundException: org.apache.log.format.Formatter
	at java.net.URLClassLoader.findClass(URLClassLoader.java:381)
	at java.lang.ClassLoader.loadClass(ClassLoader.java:424)
	at sun.misc.Launcher$AppClassLoader.loadClass(Launcher.java:331)
	at java.lang.ClassLoader.loadClass(ClassLoader.java:357)
	... 33 more
2017-04-21 14:34:08,574 - Trying to use logger class org.apache.velocity.runtime.log.Log4JLogChute
2017-04-21 14:34:08,574 - Using logger class org.apache.velocity.runtime.log.Log4JLogChute
2017-04-21 14:34:08,575 - Default ResourceManager initializing. (class org.apache.velocity.runtime.resource.ResourceManagerImpl)
2017-04-21 14:34:08,577 - ResourceLoader instantiated: org.apache.velocity.runtime.resource.loader.FileResourceLoader
2017-04-21 14:34:08,578 - Do unicode file recognition:  false
2017-04-21 14:34:08,578 - FileResourceLoader : adding path '.'
2017-04-21 14:34:08,585 - ResourceCache: initialized (class org.apache.velocity.runtime.resource.ResourceCacheImpl)
2017-04-21 14:34:08,585 - Loaded System Directive: org.apache.velocity.runtime.directive.Literal
2017-04-21 14:34:08,586 - Loaded System Directive: org.apache.velocity.runtime.directive.Macro
2017-04-21 14:34:08,587 - Loaded System Directive: org.apache.velocity.runtime.directive.Parse
2017-04-21 14:34:08,587 - Loaded System Directive: org.apache.velocity.runtime.directive.Include
2017-04-21 14:34:08,588 - Loaded System Directive: org.apache.velocity.runtime.directive.Foreach
2017-04-21 14:34:08,604 - Created '20' parsers.
2017-04-21 14:34:08,607 - Velocimacro : "velocimacro.library" is not set.  Trying default library: VM_global_library.vm
2017-04-21 14:34:08,607 - Velocimacro : Default library not found.
2017-04-21 14:34:08,608 - Velocimacro : allowInline = true : VMs can be defined inline in templates
2017-04-21 14:34:08,608 - Velocimacro : allowInlineToOverride = false : VMs defined inline may NOT replace previous VM definitions
2017-04-21 14:34:08,608 - Velocimacro : allowInlineLocal = false : VMs defined inline will be global in scope if allowed.
2017-04-21 14:34:08,608 - Velocimacro : autoload off : VM system will not automatically reload global library macros
2017-04-21 14:34:22,516 - Log4JLogChute initialized using file 'velocity.log'
2017-04-21 14:34:22,517 - Velocity was not initialized! Calling init()...
2017-04-21 14:34:22,517 - Starting Apache Velocity v1.5 (compiled: 2007-02-22 08:52:29)
2017-04-21 14:34:22,517 - Default Properties File: org/apache/velocity/runtime/defaults/velocity.properties
2017-04-21 14:34:22,517 - Trying to use logger class org.apache.velocity.runtime.log.AvalonLogChute
2017-04-21 14:34:22,517 - Couldn't find class org.apache.velocity.runtime.log.AvalonLogChute or necessary supporting classes in classpath.
java.lang.NoClassDefFoundError: org/apache/log/format/Formatter
	at java.lang.Class.forName0(Native Method)
	at java.lang.Class.forName(Class.java:348)
	at org.apache.velocity.util.ClassUtils.getClass(ClassUtils.java:63)
	at org.apache.velocity.util.ClassUtils.getNewInstance(ClassUtils.java:95)
	at org.apache.velocity.runtime.log.LogManager.createLogChute(LogManager.java:147)
	at org.apache.velocity.runtime.log.LogManager.updateLog(LogManager.java:208)
	at org.apache.velocity.runtime.RuntimeInstance.initializeLog(RuntimeInstance.java:728)
	at org.apache.velocity.runtime.RuntimeInstance.init(RuntimeInstance.java:240)
	at org.apache.velocity.runtime.RuntimeInstance.parse(RuntimeInstance.java:993)
	at org.apache.velocity.runtime.RuntimeInstance.parse(RuntimeInstance.java:972)
	at org.apache.velocity.runtime.RuntimeSingleton.parse(RuntimeSingleton.java:265)
	at org.apache.velocity.app.Velocity.evaluate(Velocity.java:274)
	at org.sonatype.mavenbook.weather.WeatherFormatter.format(WeatherFormatter.java:21)
	at org.sonatype.mavenbook.weather.yahoo.WeatherFormatterTest.testFormat(WeatherFormatterTest.java:23)
	at sun.reflect.NativeMethodAccessorImpl.invoke0(Native Method)
	at sun.reflect.NativeMethodAccessorImpl.invoke(NativeMethodAccessorImpl.java:62)
	at sun.reflect.DelegatingMethodAccessorImpl.invoke(DelegatingMethodAccessorImpl.java:43)
	at java.lang.reflect.Method.invoke(Method.java:498)
	at junit.framework.TestCase.runTest(TestCase.java:176)
	at junit.framework.TestCase.runBare(TestCase.java:141)
	at junit.framework.TestResult$1.protect(TestResult.java:122)
	at junit.framework.TestResult.runProtected(TestResult.java:142)
	at junit.framework.TestResult.run(TestResult.java:125)
	at junit.framework.TestCase.run(TestCase.java:129)
	at junit.framework.TestSuite.runTest(TestSuite.java:252)
	at junit.framework.TestSuite.run(TestSuite.java:247)
	at org.junit.internal.runners.JUnit38ClassRunner.run(JUnit38ClassRunner.java:86)
	at org.apache.maven.surefire.junit4.JUnit4Provider.execute(JUnit4Provider.java:264)
	at org.apache.maven.surefire.junit4.JUnit4Provider.executeTestSet(JUnit4Provider.java:153)
	at org.apache.maven.surefire.junit4.JUnit4Provider.invoke(JUnit4Provider.java:124)
	at org.apache.maven.surefire.booter.ForkedBooter.invokeProviderInSameClassLoader(ForkedBooter.java:200)
	at org.apache.maven.surefire.booter.ForkedBooter.runSuitesInProcess(ForkedBooter.java:153)
	at org.apache.maven.surefire.booter.ForkedBooter.main(ForkedBooter.java:103)
Caused by: java.lang.ClassNotFoundException: org.apache.log.format.Formatter
	at java.net.URLClassLoader.findClass(URLClassLoader.java:381)
	at java.lang.ClassLoader.loadClass(ClassLoader.java:424)
	at sun.misc.Launcher$AppClassLoader.loadClass(Launcher.java:331)
	at java.lang.ClassLoader.loadClass(ClassLoader.java:357)
	... 33 more
2017-04-21 14:34:22,519 - Trying to use logger class org.apache.velocity.runtime.log.Log4JLogChute
2017-04-21 14:34:22,519 - Using logger class org.apache.velocity.runtime.log.Log4JLogChute
2017-04-21 14:34:22,521 - Default ResourceManager initializing. (class org.apache.velocity.runtime.resource.ResourceManagerImpl)
2017-04-21 14:34:22,523 - ResourceLoader instantiated: org.apache.velocity.runtime.resource.loader.FileResourceLoader
2017-04-21 14:34:22,524 - Do unicode file recognition:  false
2017-04-21 14:34:22,524 - FileResourceLoader : adding path '.'
2017-04-21 14:34:22,532 - ResourceCache: initialized (class org.apache.velocity.runtime.resource.ResourceCacheImpl)
2017-04-21 14:34:22,533 - Loaded System Directive: org.apache.velocity.runtime.directive.Literal
2017-04-21 14:34:22,533 - Loaded System Directive: org.apache.velocity.runtime.directive.Macro
2017-04-21 14:34:22,534 - Loaded System Directive: org.apache.velocity.runtime.directive.Parse
2017-04-21 14:34:22,535 - Loaded System Directive: org.apache.velocity.runtime.directive.Include
2017-04-21 14:34:22,535 - Loaded System Directive: org.apache.velocity.runtime.directive.Foreach
2017-04-21 14:34:22,551 - Created '20' parsers.
2017-04-21 14:34:22,555 - Velocimacro : "velocimacro.library" is not set.  Trying default library: VM_global_library.vm
2017-04-21 14:34:22,555 - Velocimacro : Default library not found.
2017-04-21 14:34:22,555 - Velocimacro : allowInline = true : VMs can be defined inline in templates
2017-04-21 14:34:22,555 - Velocimacro : allowInlineToOverride = false : VMs defined inline may NOT replace previous VM definitions
2017-04-21 14:34:22,555 - Velocimacro : allowInlineLocal = false : VMs defined inline will be global in scope if allowed.
2017-04-21 14:34:22,555 - Velocimacro : autoload off : VM system will not automatically reload global library macros
2017-04-21 14:35:53,733 - Log4JLogChute initialized using file 'velocity.log'
2017-04-21 14:35:53,733 - Velocity was not initialized! Calling init()...
2017-04-21 14:35:53,733 - Starting Apache Velocity v1.5 (compiled: 2007-02-22 08:52:29)
2017-04-21 14:35:53,733 - Default Properties File: org/apache/velocity/runtime/defaults/velocity.properties
2017-04-21 14:35:53,733 - Trying to use logger class org.apache.velocity.runtime.log.AvalonLogChute
2017-04-21 14:35:53,734 - Couldn't find class org.apache.velocity.runtime.log.AvalonLogChute or necessary supporting classes in classpath.
java.lang.NoClassDefFoundError: org/apache/log/format/Formatter
	at java.lang.Class.forName0(Native Method)
	at java.lang.Class.forName(Class.java:348)
	at org.apache.velocity.util.ClassUtils.getClass(ClassUtils.java:63)
	at org.apache.velocity.util.ClassUtils.getNewInstance(ClassUtils.java:95)
	at org.apache.velocity.runtime.log.LogManager.createLogChute(LogManager.java:147)
	at org.apache.velocity.runtime.log.LogManager.updateLog(LogManager.java:208)
	at org.apache.velocity.runtime.RuntimeInstance.initializeLog(RuntimeInstance.java:728)
	at org.apache.velocity.runtime.RuntimeInstance.init(RuntimeInstance.java:240)
	at org.apache.velocity.runtime.RuntimeInstance.parse(RuntimeInstance.java:993)
	at org.apache.velocity.runtime.RuntimeInstance.parse(RuntimeInstance.java:972)
	at org.apache.velocity.runtime.RuntimeSingleton.parse(RuntimeSingleton.java:265)
	at org.apache.velocity.app.Velocity.evaluate(Velocity.java:274)
	at org.sonatype.mavenbook.weather.WeatherFormatter.format(WeatherFormatter.java:21)
	at org.sonatype.mavenbook.weather.yahoo.WeatherFormatterTest.testFormat(WeatherFormatterTest.java:23)
	at sun.reflect.NativeMethodAccessorImpl.invoke0(Native Method)
	at sun.reflect.NativeMethodAccessorImpl.invoke(NativeMethodAccessorImpl.java:62)
	at sun.reflect.DelegatingMethodAccessorImpl.invoke(DelegatingMethodAccessorImpl.java:43)
	at java.lang.reflect.Method.invoke(Method.java:498)
	at junit.framework.TestCase.runTest(TestCase.java:176)
	at junit.framework.TestCase.runBare(TestCase.java:141)
	at junit.framework.TestResult$1.protect(TestResult.java:122)
	at junit.framework.TestResult.runProtected(TestResult.java:142)
	at junit.framework.TestResult.run(TestResult.java:125)
	at junit.framework.TestCase.run(TestCase.java:129)
	at junit.framework.TestSuite.runTest(TestSuite.java:252)
	at junit.framework.TestSuite.run(TestSuite.java:247)
	at org.junit.internal.runners.JUnit38ClassRunner.run(JUnit38ClassRunner.java:86)
	at org.apache.maven.surefire.junit4.JUnit4Provider.execute(JUnit4Provider.java:264)
	at org.apache.maven.surefire.junit4.JUnit4Provider.executeTestSet(JUnit4Provider.java:153)
	at org.apache.maven.surefire.junit4.JUnit4Provider.invoke(JUnit4Provider.java:124)
	at org.apache.maven.surefire.booter.ForkedBooter.invokeProviderInSameClassLoader(ForkedBooter.java:200)
	at org.apache.maven.surefire.booter.ForkedBooter.runSuitesInProcess(ForkedBooter.java:153)
	at org.apache.maven.surefire.booter.ForkedBooter.main(ForkedBooter.java:103)
Caused by: java.lang.ClassNotFoundException: org.apache.log.format.Formatter
	at java.net.URLClassLoader.findClass(URLClassLoader.java:381)
	at java.lang.ClassLoader.loadClass(ClassLoader.java:424)
	at sun.misc.Launcher$AppClassLoader.loadClass(Launcher.java:331)
	at java.lang.ClassLoader.loadClass(ClassLoader.java:357)
	... 33 more
2017-04-21 14:35:53,735 - Trying to use logger class org.apache.velocity.runtime.log.Log4JLogChute
2017-04-21 14:35:53,735 - Using logger class org.apache.velocity.runtime.log.Log4JLogChute
2017-04-21 14:35:53,737 - Default ResourceManager initializing. (class org.apache.velocity.runtime.resource.ResourceManagerImpl)
2017-04-21 14:35:53,738 - ResourceLoader instantiated: org.apache.velocity.runtime.resource.loader.FileResourceLoader
2017-04-21 14:35:53,739 - Do unicode file recognition:  false
2017-04-21 14:35:53,739 - FileResourceLoader : adding path '.'
2017-04-21 14:35:53,750 - ResourceCache: initialized (class org.apache.velocity.runtime.resource.ResourceCacheImpl)
2017-04-21 14:35:53,751 - Loaded System Directive: org.apache.velocity.runtime.directive.Literal
2017-04-21 14:35:53,751 - Loaded System Directive: org.apache.velocity.runtime.directive.Macro
2017-04-21 14:35:53,752 - Loaded System Directive: org.apache.velocity.runtime.directive.Parse
2017-04-21 14:35:53,753 - Loaded System Directive: org.apache.velocity.runtime.directive.Include
2017-04-21 14:35:53,754 - Loaded System Directive: org.apache.velocity.runtime.directive.Foreach
2017-04-21 14:35:53,774 - Created '20' parsers.
2017-04-21 14:35:53,777 - Velocimacro : "velocimacro.library" is not set.  Trying default library: VM_global_library.vm
2017-04-21 14:35:53,777 - Velocimacro : Default library not found.
2017-04-21 14:35:53,777 - Velocimacro : allowInline = true : VMs can be defined inline in templates
2017-04-21 14:35:53,777 - Velocimacro : allowInlineToOverride = false : VMs defined inline may NOT replace previous VM definitions
2017-04-21 14:35:53,777 - Velocimacro : allowInlineLocal = false : VMs defined inline will be global in scope if allowed.
2017-04-21 14:35:53,777 - Velocimacro : autoload off : VM system will not automatically reload global library macros
